[2018-05-13 19:48:49.225] [restartedMain] [] [INFO ] o.s.c.c.c.ConfigServicePropertySourceLocator - Fetching config from server at: http://192.168.90.194:8888/
[2018-05-13 19:48:49.807] [restartedMain] [] [INFO ] o.s.c.c.c.ConfigServicePropertySourceLocator - Located environment: name=ucenter, profiles=[dev,prod,test], label=0.0.1, version=null, state=null
[2018-05-13 19:48:49.807] [restartedMain] [] [INFO ] o.s.c.b.c.PropertySourceBootstrapConfiguration - Located property source: CompositePropertySource {name='configService', propertySources=[]}
[2018-05-13 19:48:49.830] [restartedMain] [] [INFO ] c.c.f.d.a.CloudFrameDemoAuthJwtApplication - The following profiles are active: dev
[2018-05-13 19:48:49.845] [restartedMain] [] [INFO ] o.s.b.w.s.c.AnnotationConfigServletWebServerApplicationContext - Refreshing org.springframework.boot.web.servlet.context.AnnotationConfigServletWebServerApplicationContext@4ae7f5bd: startup date [Sun May 13 19:48:49 CST 2018]; parent: org.springframework.context.annotation.AnnotationConfigApplicationContext@761f6b8f
[2018-05-13 19:48:52.150] [restartedMain] [] [INFO ] o.s.cloud.context.scope.GenericScope - BeanFactory id=20d21050-e5c0-3b3b-b3b7-a97aa384b0be
[2018-05-13 19:48:52.172] [restartedMain] [] [INFO ] o.s.b.f.a.AutowiredAnnotationBeanPostProcessor - JSR-330 'javax.inject.Inject' annotation found and supported for autowiring
[2018-05-13 19:48:52.284] [restartedMain] [] [INFO ] o.s.c.s.PostProcessorRegistrationDelegate$BeanPostProcessorChecker - Bean 'org.springframework.transaction.annotation.ProxyTransactionManagementConfiguration' of type [org.springframework.transaction.annotation.ProxyTransactionManagementConfiguration$$EnhancerBySpringCGLIB$$310f8a2] is not eligible for getting processed by all BeanPostProcessors (for example: not eligible for auto-proxying)
[2018-05-13 19:48:52.604] [restartedMain] [] [INFO ] o.s.c.s.PostProcessorRegistrationDelegate$BeanPostProcessorChecker - Bean 'org.springframework.cloud.autoconfigure.ConfigurationPropertiesRebinderAutoConfiguration' of type [org.springframework.cloud.autoconfigure.ConfigurationPropertiesRebinderAutoConfiguration$$EnhancerBySpringCGLIB$$1f2afb9f] is not eligible for getting processed by all BeanPostProcessors (for example: not eligible for auto-proxying)
[2018-05-13 19:48:53.078] [restartedMain] [] [INFO ] o.s.b.w.e.tomcat.TomcatWebServer - Tomcat initialized with port(s): 9098 (http)
[2018-05-13 19:48:53.105] [restartedMain] [] [INFO ] o.a.catalina.core.StandardService - Starting service [Tomcat]
[2018-05-13 19:48:53.106] [restartedMain] [] [INFO ] o.a.catalina.core.StandardEngine - Starting Servlet Engine: Apache Tomcat/8.5.31
[2018-05-13 19:48:53.110] [localhost-startStop-1] [] [INFO ] o.a.c.core.AprLifecycleListener - The APR based Apache Tomcat Native library which allows optimal performance in production environments was not found on the java.library.path: [/Users/wd/Library/Java/Extensions:/Library/Java/Extensions:/Network/Library/Java/Extensions:/System/Library/Java/Extensions:/usr/lib/java:.]
[2018-05-13 19:48:53.204] [localhost-startStop-1] [] [INFO ] o.a.c.c.C.[Tomcat].[localhost].[/] - Initializing Spring embedded WebApplicationContext
[2018-05-13 19:48:53.205] [localhost-startStop-1] [] [INFO ] o.s.web.context.ContextLoader - Root WebApplicationContext: initialization completed in 3360 ms
[2018-05-13 19:48:54.932] [localhost-startStop-1] [] [WARN ] c.n.c.sources.URLConfigurationSource - No URLs will be polled as dynamic configuration sources.
[2018-05-13 19:48:54.932] [localhost-startStop-1] [] [INFO ] c.n.c.sources.URLConfigurationSource - To enable URLs as dynamic configuration sources, define System property archaius.configurationSource.additionalUrls or make config.properties available on classpath.
[2018-05-13 19:48:54.938] [localhost-startStop-1] [] [INFO ] c.n.config.DynamicPropertyFactory - DynamicPropertyFactory is initialized with configuration sources: com.netflix.config.ConcurrentCompositeConfiguration@5245a42a
[2018-05-13 19:48:55.119] [localhost-startStop-1] [] [INFO ] o.s.b.w.s.FilterRegistrationBean - Mapping filter: 'corsFilter' to: [/*]
[2018-05-13 19:48:55.119] [localhost-startStop-1] [] [INFO ] o.s.b.w.s.FilterRegistrationBean - Mapping filter: 'oncePerRequestFilter' to urls: [/*]
[2018-05-13 19:48:55.119] [localhost-startStop-1] [] [INFO ] o.s.b.w.s.FilterRegistrationBean - Mapping filter: 'characterEncodingFilter' to: [/*]
[2018-05-13 19:48:55.119] [localhost-startStop-1] [] [INFO ] o.s.b.w.s.FilterRegistrationBean - Mapping filter: 'hiddenHttpMethodFilter' to: [/*]
[2018-05-13 19:48:55.119] [localhost-startStop-1] [] [INFO ] o.s.b.w.s.FilterRegistrationBean - Mapping filter: 'httpPutFormContentFilter' to: [/*]
[2018-05-13 19:48:55.119] [localhost-startStop-1] [] [INFO ] o.s.b.w.s.FilterRegistrationBean - Mapping filter: 'requestContextFilter' to: [/*]
[2018-05-13 19:48:55.119] [localhost-startStop-1] [] [INFO ] o.s.b.w.s.FilterRegistrationBean - Mapping filter: 'httpTraceFilter' to: [/*]
[2018-05-13 19:48:55.120] [localhost-startStop-1] [] [INFO ] o.s.b.w.s.FilterRegistrationBean - Mapping filter: 'webMvcMetricsFilter' to: [/*]
[2018-05-13 19:48:55.120] [localhost-startStop-1] [] [INFO ] o.s.b.w.s.FilterRegistrationBean - Mapping filter: 'accessFilter' to: [/*]
[2018-05-13 19:48:55.120] [localhost-startStop-1] [] [INFO ] o.s.b.w.s.ServletRegistrationBean - Servlet dispatcherServlet mapped to [/]
[2018-05-13 19:48:55.140] [localhost-startStop-1] [] [DEBUG] c.c.f.d.a.interceptor.AccessFilter - Initializing filter 'accessFilter'
[2018-05-13 19:48:55.141] [localhost-startStop-1] [] [DEBUG] c.c.f.d.a.interceptor.AccessFilter - Filter 'accessFilter' configured successfully
[2018-05-13 19:48:55.143] [localhost-startStop-1] [] [DEBUG] c.c.f.d.auth.config.LogTraceConfig$1 - Initializing filter 'oncePerRequestFilter'
[2018-05-13 19:48:55.143] [localhost-startStop-1] [] [DEBUG] c.c.f.d.auth.config.LogTraceConfig$1 - Filter 'oncePerRequestFilter' configured successfully
[2018-05-13 19:48:56.518] [restartedMain] [] [INFO ] o.s.w.s.m.m.a.RequestMappingHandlerMapping - Mapped "{[/auth/token/verify],methods=[GET],produces=[application/json;charset=UTF-8]}" onto public com.cloud.frame.demo.base.Result<java.lang.Void> com.cloud.frame.demo.auth.api.LoginController.verify(java.lang.String)
[2018-05-13 19:48:56.519] [restartedMain] [] [INFO ] o.s.w.s.m.m.a.RequestMappingHandlerMapping - Mapped "{[/auth/token/login],methods=[GET],produces=[application/json;charset=UTF-8]}" onto public com.cloud.frame.demo.base.Result<java.lang.String> com.cloud.frame.demo.auth.api.LoginController.login(java.lang.String,java.lang.String)
[2018-05-13 19:48:56.520] [restartedMain] [] [INFO ] o.s.w.s.m.m.a.RequestMappingHandlerMapping - Mapped "{[/auth/register/valid/telphone],methods=[POST],produces=[application/json;charset=UTF-8]}" onto public com.cloud.frame.demo.base.Result<java.lang.String> com.cloud.frame.demo.auth.api.RegisterController.validTelphone(java.lang.String,java.lang.String)
[2018-05-13 19:48:56.521] [restartedMain] [] [INFO ] o.s.w.s.m.m.a.RequestMappingHandlerMapping - Mapped "{[/auth/register/user],methods=[POST],produces=[application/json;charset=UTF-8]}" onto public com.cloud.frame.demo.base.Result<java.lang.Void> com.cloud.frame.demo.auth.api.RegisterController.userRegister(java.lang.String,java.lang.String)
[2018-05-13 19:48:56.523] [restartedMain] [] [INFO ] o.s.w.s.m.m.a.RequestMappingHandlerMapping - Mapped "{[/auth/user/description],methods=[GET],produces=[application/json;charset=UTF-8]}" onto public com.cloud.frame.demo.base.Result<com.cloud.frame.demo.auth.dao.entity.AccountInfoEntity> com.cloud.frame.demo.auth.api.UserController.description(java.lang.String)
[2018-05-13 19:48:56.523] [restartedMain] [] [INFO ] o.s.w.s.m.m.a.RequestMappingHandlerMapping - Mapped "{[/auth/user/desc],methods=[POST],produces=[application/json;charset=UTF-8]}" onto public com.cloud.frame.demo.base.Result<com.cloud.frame.demo.auth.dao.entity.AccountInfoEntity> com.cloud.frame.demo.auth.api.UserController.desc(com.cloud.frame.demo.auth.dao.entity.AccountInfoEntity)
[2018-05-13 19:48:56.527] [restartedMain] [] [INFO ] o.s.w.s.m.m.a.RequestMappingHandlerMapping - Mapped "{[/swagger-resources/configuration/security]}" onto public org.springframework.http.ResponseEntity<springfox.documentation.swagger.web.SecurityConfiguration> springfox.documentation.swagger.web.ApiResourceController.securityConfiguration()
[2018-05-13 19:48:56.528] [restartedMain] [] [INFO ] o.s.w.s.m.m.a.RequestMappingHandlerMapping - Mapped "{[/swagger-resources/configuration/ui]}" onto public org.springframework.http.ResponseEntity<springfox.documentation.swagger.web.UiConfiguration> springfox.documentation.swagger.web.ApiResourceController.uiConfiguration()
[2018-05-13 19:48:56.528] [restartedMain] [] [INFO ] o.s.w.s.m.m.a.RequestMappingHandlerMapping - Mapped "{[/swagger-resources]}" onto public org.springframework.http.ResponseEntity<java.util.List<springfox.documentation.swagger.web.SwaggerResource>> springfox.documentation.swagger.web.ApiResourceController.swaggerResources()
[2018-05-13 19:48:56.531] [restartedMain] [] [INFO ] o.s.w.s.m.m.a.RequestMappingHandlerMapping - Mapped "{[/error]}" onto public org.springframework.http.ResponseEntity<java.util.Map<java.lang.String, java.lang.Object>> org.springframework.boot.autoconfigure.web.servlet.error.BasicErrorController.error(javax.servlet.http.HttpServletRequest)
[2018-05-13 19:48:56.531] [restartedMain] [] [INFO ] o.s.w.s.m.m.a.RequestMappingHandlerMapping - Mapped "{[/error],produces=[text/html]}" onto public org.springframework.web.servlet.ModelAndView org.springframework.boot.autoconfigure.web.servlet.error.BasicErrorController.errorHtml(javax.servlet.http.HttpServletRequest,javax.servlet.http.HttpServletResponse)
[2018-05-13 19:48:56.689] [restartedMain] [] [INFO ] o.s.b.a.e.web.EndpointLinksResolver - Exposing 2 endpoint(s) beneath base path '/actuator'
[2018-05-13 19:48:56.707] [restartedMain] [] [INFO ] o.s.b.a.e.w.s.WebMvcEndpointHandlerMapping - Mapped "{[/actuator/health],methods=[GET],produces=[application/vnd.spring-boot.actuator.v2+json || application/json]}" onto public java.lang.Object org.springframework.boot.actuate.endpoint.web.servlet.AbstractWebMvcEndpointHandlerMapping$OperationHandler.handle(javax.servlet.http.HttpServletRequest,java.util.Map<java.lang.String, java.lang.String>)
[2018-05-13 19:48:56.709] [restartedMain] [] [INFO ] o.s.b.a.e.w.s.WebMvcEndpointHandlerMapping - Mapped "{[/actuator/info],methods=[GET],produces=[application/vnd.spring-boot.actuator.v2+json || application/json]}" onto public java.lang.Object org.springframework.boot.actuate.endpoint.web.servlet.AbstractWebMvcEndpointHandlerMapping$OperationHandler.handle(javax.servlet.http.HttpServletRequest,java.util.Map<java.lang.String, java.lang.String>)
[2018-05-13 19:48:56.710] [restartedMain] [] [INFO ] o.s.b.a.e.w.s.WebMvcEndpointHandlerMapping - Mapped "{[/actuator],methods=[GET],produces=[application/vnd.spring-boot.actuator.v2+json || application/json]}" onto protected java.util.Map<java.lang.String, java.util.Map<java.lang.String, org.springframework.boot.actuate.endpoint.web.Link>> org.springframework.boot.actuate.endpoint.web.servlet.WebMvcEndpointHandlerMapping.links(javax.servlet.http.HttpServletRequest,javax.servlet.http.HttpServletResponse)
[2018-05-13 19:48:57.123] [restartedMain] [] [INFO ] s.d.s.w.PropertySourcedRequestMappingHandlerMapping - Mapped URL path [/v2/api-docs] onto method [public org.springframework.http.ResponseEntity<springfox.documentation.spring.web.json.Json> springfox.documentation.swagger2.web.Swagger2Controller.getDocumentation(java.lang.String,javax.servlet.http.HttpServletRequest)]
[2018-05-13 19:48:57.193] [restartedMain] [] [WARN ] c.n.c.sources.URLConfigurationSource - No URLs will be polled as dynamic configuration sources.
[2018-05-13 19:48:57.193] [restartedMain] [] [INFO ] c.n.c.sources.URLConfigurationSource - To enable URLs as dynamic configuration sources, define System property archaius.configurationSource.additionalUrls or make config.properties available on classpath.
[2018-05-13 19:48:57.435] [restartedMain] [] [INFO ] o.s.w.s.h.SimpleUrlHandlerMapping - Mapped URL path [/**/favicon.ico] onto handler of type [class org.springframework.web.servlet.resource.ResourceHttpRequestHandler]
[2018-05-13 19:48:57.760] [restartedMain] [] [INFO ] o.s.w.s.m.m.a.RequestMappingHandlerAdapter - Looking for @ControllerAdvice: org.springframework.boot.web.servlet.context.AnnotationConfigServletWebServerApplicationContext@4ae7f5bd: startup date [Sun May 13 19:48:49 CST 2018]; parent: org.springframework.context.annotation.AnnotationConfigApplicationContext@761f6b8f
[2018-05-13 19:48:57.858] [restartedMain] [] [INFO ] o.s.w.s.h.SimpleUrlHandlerMapping - Mapped URL path [/webjars/**] onto handler of type [class org.springframework.web.servlet.resource.ResourceHttpRequestHandler]
[2018-05-13 19:48:57.858] [restartedMain] [] [INFO ] o.s.w.s.h.SimpleUrlHandlerMapping - Mapped URL path [/**] onto handler of type [class org.springframework.web.servlet.resource.ResourceHttpRequestHandler]
[2018-05-13 19:48:57.858] [restartedMain] [] [INFO ] o.s.w.s.h.SimpleUrlHandlerMapping - Mapped URL path [/swagger-ui.html] onto handler of type [class org.springframework.web.servlet.resource.ResourceHttpRequestHandler]
[2018-05-13 19:48:57.858] [restartedMain] [] [INFO ] o.s.w.s.h.SimpleUrlHandlerMapping - Mapped URL path [/webjars*] onto handler of type [class org.springframework.web.servlet.resource.ResourceHttpRequestHandler]
[2018-05-13 19:48:57.888] [restartedMain] [] [INFO ] o.s.w.s.m.m.a.ExceptionHandlerExceptionResolver - Detected @ExceptionHandler methods in globalExceptionInterceptor
[2018-05-13 19:48:58.429] [restartedMain] [] [INFO ] o.s.u.f.SpringTemplateLoader - SpringTemplateLoader for FreeMarker: using resource loader [org.springframework.boot.web.servlet.context.AnnotationConfigServletWebServerApplicationContext@4ae7f5bd: startup date [Sun May 13 19:48:49 CST 2018]; parent: org.springframework.context.annotation.AnnotationConfigApplicationContext@761f6b8f] and template loader path [classpath:/templates/]
[2018-05-13 19:48:58.431] [restartedMain] [] [INFO ] o.s.w.s.v.f.FreeMarkerConfigurer - ClassTemplateLoader for Spring macros added to FreeMarker configuration
[2018-05-13 19:48:58.774] [restartedMain] [] [INFO ] o.s.b.d.a.OptionalLiveReloadServer - LiveReload server is running on port 35729
[2018-05-13 19:48:58.901] [restartedMain] [] [INFO ] c.netflix.discovery.DiscoveryClient - Shutting down DiscoveryClient ...
[2018-05-13 19:48:58.910] [restartedMain] [] [INFO ] c.netflix.discovery.DiscoveryClient - Completed shut down of DiscoveryClient
[2018-05-13 19:48:58.965] [restartedMain] [] [INFO ] o.s.j.e.a.AnnotationMBeanExporter - Registering beans for JMX exposure on startup
[2018-05-13 19:48:58.966] [restartedMain] [] [INFO ] o.s.j.e.a.AnnotationMBeanExporter - Bean with name 'dataSource' has been autodetected for JMX exposure
[2018-05-13 19:48:58.981] [restartedMain] [] [INFO ] o.s.j.e.a.AnnotationMBeanExporter - Bean with name 'configurationPropertiesRebinder' has been autodetected for JMX exposure
[2018-05-13 19:48:58.983] [restartedMain] [] [INFO ] o.s.j.e.a.AnnotationMBeanExporter - Bean with name 'environmentManager' has been autodetected for JMX exposure
[2018-05-13 19:48:58.984] [restartedMain] [] [INFO ] o.s.j.e.a.AnnotationMBeanExporter - Bean with name 'refreshScope' has been autodetected for JMX exposure
[2018-05-13 19:48:58.989] [restartedMain] [] [INFO ] o.s.j.e.a.AnnotationMBeanExporter - Located managed bean 'environmentManager': registering with JMX server as MBean [org.springframework.cloud.context.environment:name=environmentManager,type=EnvironmentManager]
[2018-05-13 19:48:59.002] [restartedMain] [] [INFO ] o.s.j.e.a.AnnotationMBeanExporter - Located managed bean 'refreshScope': registering with JMX server as MBean [org.springframework.cloud.context.scope.refresh:name=refreshScope,type=RefreshScope]
[2018-05-13 19:48:59.019] [restartedMain] [] [INFO ] o.s.j.e.a.AnnotationMBeanExporter - Located managed bean 'configurationPropertiesRebinder': registering with JMX server as MBean [org.springframework.cloud.context.properties:name=configurationPropertiesRebinder,context=4ae7f5bd,type=ConfigurationPropertiesRebinder]
[2018-05-13 19:48:59.030] [restartedMain] [] [INFO ] o.s.j.e.a.AnnotationMBeanExporter - Located MBean 'dataSource': registering with JMX server as MBean [com.zaxxer.hikari:name=dataSource,type=HikariDataSource]
[2018-05-13 19:48:59.057] [restartedMain] [] [INFO ] o.s.c.s.DefaultLifecycleProcessor - Starting beans in phase 0
[2018-05-13 19:48:59.065] [restartedMain] [] [INFO ] o.s.c.n.eureka.InstanceInfoFactory - Setting initial instance status as: STARTING
[2018-05-13 19:48:59.074] [restartedMain] [] [INFO ] c.netflix.discovery.DiscoveryClient - Initializing Eureka in region us-east-1
[2018-05-13 19:48:59.080] [restartedMain] [] [INFO ] c.n.d.p.DiscoveryJerseyProvider - Using JSON encoding codec LegacyJacksonJson
[2018-05-13 19:48:59.080] [restartedMain] [] [INFO ] c.n.d.p.DiscoveryJerseyProvider - Using JSON decoding codec LegacyJacksonJson
[2018-05-13 19:48:59.080] [restartedMain] [] [INFO ] c.n.d.p.DiscoveryJerseyProvider - Using XML encoding codec XStreamXml
[2018-05-13 19:48:59.080] [restartedMain] [] [INFO ] c.n.d.p.DiscoveryJerseyProvider - Using XML decoding codec XStreamXml
[2018-05-13 19:48:59.191] [restartedMain] [] [INFO ] c.n.d.s.r.aws.ConfigClusterResolver - Resolving eureka endpoints via configuration
[2018-05-13 19:48:59.193] [restartedMain] [] [INFO ] c.netflix.discovery.DiscoveryClient - Disable delta property : false
[2018-05-13 19:48:59.193] [restartedMain] [] [INFO ] c.netflix.discovery.DiscoveryClient - Single vip registry refresh property : null
[2018-05-13 19:48:59.193] [restartedMain] [] [INFO ] c.netflix.discovery.DiscoveryClient - Force full registry fetch : false
[2018-05-13 19:48:59.193] [restartedMain] [] [INFO ] c.netflix.discovery.DiscoveryClient - Application is null : false
[2018-05-13 19:48:59.193] [restartedMain] [] [INFO ] c.netflix.discovery.DiscoveryClient - Registered Applications size is zero : true
[2018-05-13 19:48:59.194] [restartedMain] [] [INFO ] c.netflix.discovery.DiscoveryClient - Application version is -1: true
[2018-05-13 19:48:59.194] [restartedMain] [] [INFO ] c.netflix.discovery.DiscoveryClient - Getting all instance registry info from the eureka server
[2018-05-13 19:48:59.204] [restartedMain] [] [INFO ] c.netflix.discovery.DiscoveryClient - The response status is 200
[2018-05-13 19:48:59.208] [restartedMain] [] [INFO ] c.netflix.discovery.DiscoveryClient - Starting heartbeat executor: renew interval is: 10
[2018-05-13 19:48:59.211] [restartedMain] [] [INFO ] c.n.discovery.InstanceInfoReplicator - InstanceInfoReplicator onDemand update allowed rate per min is 4
[2018-05-13 19:48:59.213] [restartedMain] [] [INFO ] c.netflix.discovery.DiscoveryClient - Discovery Client initialized at timestamp 1526212139213 with initial instances count: 5
[2018-05-13 19:48:59.222] [restartedMain] [] [INFO ] o.s.c.n.e.s.EurekaServiceRegistry - Registering application ucenter with eureka with status UP
[2018-05-13 19:48:59.223] [restartedMain] [] [INFO ] c.netflix.discovery.DiscoveryClient - Saw local status change event StatusChangeEvent [timestamp=1526212139222, current=UP, previous=STARTING]
[2018-05-13 19:48:59.228] [DiscoveryClient-InstanceInfoReplicator-0] [] [INFO ] c.netflix.discovery.DiscoveryClient - DiscoveryClient_UCENTER/192.168.90.194:ucenter:9098: registering service...
[2018-05-13 19:48:59.230] [restartedMain] [] [INFO ] o.s.c.s.DefaultLifecycleProcessor - Starting beans in phase 2147483647
[2018-05-13 19:48:59.231] [restartedMain] [] [INFO ] s.d.s.w.p.DocumentationPluginsBootstrapper - Context refreshed
[2018-05-13 19:48:59.268] [restartedMain] [] [INFO ] s.d.s.w.p.DocumentationPluginsBootstrapper - Found 1 custom documentation plugin(s)
[2018-05-13 19:48:59.287] [DiscoveryClient-InstanceInfoReplicator-0] [] [INFO ] c.netflix.discovery.DiscoveryClient - DiscoveryClient_UCENTER/192.168.90.194:ucenter:9098 - registration status: 204
[2018-05-13 19:48:59.436] [restartedMain] [] [INFO ] s.d.s.w.s.ApiListingReferenceScanner - Scanning for api listing references
[2018-05-13 19:49:00.555] [restartedMain] [] [INFO ] o.s.b.w.e.tomcat.TomcatWebServer - Tomcat started on port(s): 9098 (http) with context path ''
[2018-05-13 19:49:00.557] [restartedMain] [] [INFO ] o.s.c.n.e.s.EurekaAutoServiceRegistration - Updating port to 9098
[2018-05-13 19:49:00.568] [restartedMain] [] [INFO ] c.c.f.d.a.CloudFrameDemoAuthJwtApplication - Started CloudFrameDemoAuthJwtApplication in 17.525 seconds (JVM running for 19.551)
[2018-05-13 19:49:20.308] [http-nio-9098-exec-1] [] [INFO ] o.a.c.c.C.[Tomcat].[localhost].[/] - Initializing Spring FrameworkServlet 'dispatcherServlet'
[2018-05-13 19:49:20.308] [http-nio-9098-exec-1] [] [INFO ] o.s.web.servlet.DispatcherServlet - FrameworkServlet 'dispatcherServlet': initialization started
[2018-05-13 19:49:20.352] [http-nio-9098-exec-1] [] [INFO ] o.s.web.servlet.DispatcherServlet - FrameworkServlet 'dispatcherServlet': initialization completed in 44 ms
[2018-05-13 19:49:20.402] [http-nio-9098-exec-1] [4bc804e2-01fa-4523-926c-cdc34c8f2474] [INFO ] c.c.f.d.a.interceptor.AccessFilter - 请求地址：/auth/token/verify
[2018-05-13 19:49:28.892] [http-nio-9098-exec-2] [371626bf-e406-4a13-8609-c13b292b52f5] [INFO ] c.c.f.d.a.interceptor.AccessFilter - 请求地址：/auth/token/login
[2018-05-13 19:49:28.998] [http-nio-9098-exec-2] [371626bf-e406-4a13-8609-c13b292b52f5] [INFO ] com.zaxxer.hikari.HikariDataSource - HikariPool-1 - Starting...
[2018-05-13 19:49:29.253] [http-nio-9098-exec-2] [371626bf-e406-4a13-8609-c13b292b52f5] [INFO ] com.zaxxer.hikari.HikariDataSource - HikariPool-1 - Start completed.
[2018-05-13 19:49:29.262] [http-nio-9098-exec-2] [371626bf-e406-4a13-8609-c13b292b52f5] [DEBUG] c.c.f.d.a.d.m.A.selectByExample - ==>  Preparing: select id, user_name, password, salt, status, type, create_time, update_time from account_info WHERE ( user_name = ? ) 
[2018-05-13 19:49:29.283] [http-nio-9098-exec-2] [371626bf-e406-4a13-8609-c13b292b52f5] [DEBUG] c.c.f.d.a.d.m.A.selectByExample - ==> Parameters: 1234(String)
[2018-05-13 19:49:29.300] [http-nio-9098-exec-2] [371626bf-e406-4a13-8609-c13b292b52f5] [DEBUG] c.c.f.d.a.d.m.A.selectByExample - <==      Total: 1
[2018-05-13 19:49:29.302] [http-nio-9098-exec-2] [371626bf-e406-4a13-8609-c13b292b52f5] [INFO ] c.c.f.d.a.interceptor.LogTraceAspect - time:394ms, method:com.cloud.frame.demo.auth.service.AccountInfoService.getEntity(), args:("1234")
[2018-05-13 19:49:40.418] [http-nio-9098-exec-3] [fbc1ebe6-766c-4041-a458-02d6a83cfcfd] [INFO ] c.c.f.d.a.interceptor.AccessFilter - 请求地址：/auth/token/verify
[2018-05-13 19:50:51.382] [http-nio-9098-exec-6] [232e4a28-db6d-4902-8c4b-642ec2e03eda] [INFO ] c.c.f.d.a.interceptor.AccessFilter - 请求地址：/auth/token/verify
[2018-05-13 19:52:20.522] [http-nio-9098-exec-8] [57b9a019-4bb6-4262-bab2-688b0c8451b9] [INFO ] c.c.f.d.a.interceptor.AccessFilter - 请求地址：/auth/token/verify
